<?xml version="1.0" encoding="UTF-8"?>
<testsuite xmlns:xsi="http://www.w3.org/2001/XMLSchema-instance" xsi:noNamespaceSchemaLocation="https://maven.apache.org/surefire/maven-surefire-plugin/xsd/surefire-test-report-3.0.xsd" version="3.0" name="runner.TestRunner" time="93.566" tests="9" errors="0" skipped="0" failures="0">
  <properties>
[...]
</properties>
  <testcase name="1. Category Filtering" classname="E-Commerce Real Scenarios (Demoblaze)" time="18.479">
    <system-out><![CDATA[
@Regression @StoreE2E @Smoke @Navigation
Scenario: 1. Category Filtering                       &amp#27;[90m# features/Amazon.feature:9&amp#27;[0m
  &amp#27;[32mGiven &amp#27;[0m&amp#27;[32mthe user is on the store homepage&amp#27;[0m             &amp#27;[90m# steps.StoreSteps.navigateToStore()&amp#27;[0m
  &amp#27;[32mWhen &amp#27;[0m&amp#27;[32mthe user clicks on the &amp#27;[0m&amp#27;[32m&amp#27;[1m"Laptops"&amp#27;[0m&amp#27;[32m category&amp#27;[0m      &amp#27;[90m# steps.StoreSteps.filterCategory(java.lang.String)&amp#27;[0m
  &amp#27;[32mThen &amp#27;[0m&amp#27;[32mthe product list should update to show laptops&amp#27;[0m &amp#27;[90m# steps.StoreSteps.verifyCategoryUpdate()&amp#27;[0m
]]></system-out>
    <system-err><![CDATA[Jun 22, 2026 3:17:11 PM org.openqa.selenium.devtools.CdpVersionFinder findNearestMatch
WARNING: Unable to find CDP implementation matching 149
Jun 22, 2026 3:17:11 PM org.openqa.selenium.chromium.ChromiumDriver lambda$new$5
WARNING: Unable to find version of CDP to use for 149.0.7827.114. You may need to include a dependency on a specific version of the CDP using something similar to `org.seleniumhq.selenium:selenium-devtools-v86:4.18.1` where the version ("v86") matches the version of the chromium-based browser you're using and the version number of the artifact is the same as Selenium's.
Jun 22, 2026 3:17:14 PM org.openqa.selenium.devtools.CdpVersionFinder findNearestMatch
WARNING: Unable to find CDP implementation matching 149
Jun 22, 2026 3:17:14 PM org.openqa.selenium.chromium.ChromiumDriver lambda$new$5
WARNING: Unable to find version of CDP to use for 149.0.7827.114. You may need to include a dependency on a specific version of the CDP using something similar to `org.seleniumhq.selenium:selenium-devtools-v86:4.18.1` where the version ("v86") matches the version of the chromium-based browser you're using and the version number of the artifact is the same as Selenium's.
]]></system-err>
  </testcase>
  <testcase name="2. Add an item to the shopping cart" classname="E-Commerce Real Scenarios (Demoblaze)" time="8.254">
    <system-out><![CDATA[
@Regression @StoreE2E @Cart
Scenario: 2. Add an item to the shopping cart         &amp#27;[90m# features/Amazon.feature:14&amp#27;[0m
  &amp#27;[32mGiven &amp#27;[0m&amp#27;[32mthe user is on the store homepage&amp#27;[0m             &amp#27;[90m# steps.StoreSteps.navigateToStore()&amp#27;[0m
  &amp#27;[32mWhen &amp#27;[0m&amp#27;[32mthe user clicks on the first available product&amp#27;[0m &amp#27;[90m# steps.StoreSteps.clickFirstProduct()&amp#27;[0m
  &amp#27;[32mAnd &amp#27;[0m&amp#27;[32madds the item to the cart&amp#27;[0m                       &amp#27;[90m# steps.StoreSteps.addItemToCart()&amp#27;[0m
  &amp#27;[32mThen &amp#27;[0m&amp#27;[32ma confirmation alert should appear&amp#27;[0m             &amp#27;[90m# steps.StoreSteps.verifyAlertAppears()&amp#27;[0m
]]></system-out>
    <system-err><![CDATA[Jun 22, 2026 3:17:27 PM org.openqa.selenium.devtools.CdpVersionFinder findNearestMatch
WARNING: Unable to find CDP implementation matching 149
Jun 22, 2026 3:17:27 PM org.openqa.selenium.chromium.ChromiumDriver lambda$new$5
WARNING: Unable to find version of CDP to use for 149.0.7827.114. You may need to include a dependency on a specific version of the CDP using something similar to `org.seleniumhq.selenium:selenium-devtools-v86:4.18.1` where the version ("v86") matches the version of the chromium-based browser you're using and the version number of the artifact is the same as Selenium's.
Jun 22, 2026 3:17:28 PM org.openqa.selenium.devtools.CdpVersionFinder findNearestMatch
WARNING: Unable to find CDP implementation matching 149
Jun 22, 2026 3:17:28 PM org.openqa.selenium.chromium.ChromiumDriver lambda$new$5
WARNING: Unable to find version of CDP to use for 149.0.7827.114. You may need to include a dependency on a specific version of the CDP using something similar to `org.seleniumhq.selenium:selenium-devtools-v86:4.18.1` where the version ("v86") matches the version of the chromium-based browser you're using and the version number of the artifact is the same as Selenium's.
]]></system-err>
  </testcase>
  <testcase name="3. Cart Total Validation" classname="E-Commerce Real Scenarios (Demoblaze)" time="9.214">
    <system-out><![CDATA[
@Regression @StoreE2E @Cart
Scenario: 3. Cart Total Validation                      &amp#27;[90m# features/Amazon.feature:20&amp#27;[0m
  &amp#27;[32mGiven &amp#27;[0m&amp#27;[32mthe user is on the store homepage&amp#27;[0m               &amp#27;[90m# steps.StoreSteps.navigateToStore()&amp#27;[0m
  &amp#27;[32mWhen &amp#27;[0m&amp#27;[32mthe user clicks on the first available product&amp#27;[0m   &amp#27;[90m# steps.StoreSteps.clickFirstProduct()&amp#27;[0m
  &amp#27;[32mAnd &amp#27;[0m&amp#27;[32madds the item to the cart&amp#27;[0m                         &amp#27;[90m# steps.StoreSteps.addItemToCart()&amp#27;[0m
  &amp#27;[32mAnd &amp#27;[0m&amp#27;[32mthe user navigates to the Cart page&amp#27;[0m               &amp#27;[90m# steps.StoreSteps.navigateToCart()&amp#27;[0m
  &amp#27;[32mThen &amp#27;[0m&amp#27;[32mthe cart total should be calculated successfully&amp#27;[0m &amp#27;[90m# steps.StoreSteps.verifyCartTotal()&amp#27;[0m
]]></system-out>
    <system-err><![CDATA[Jun 22, 2026 3:17:35 PM org.openqa.selenium.devtools.CdpVersionFinder findNearestMatch
WARNING: Unable to find CDP implementation matching 149
Jun 22, 2026 3:17:35 PM org.openqa.selenium.chromium.ChromiumDriver lambda$new$5
WARNING: Unable to find version of CDP to use for 149.0.7827.114. You may need to include a dependency on a specific version of the CDP using something similar to `org.seleniumhq.selenium:selenium-devtools-v86:4.18.1` where the version ("v86") matches the version of the chromium-based browser you're using and the version number of the artifact is the same as Selenium's.
Jun 22, 2026 3:17:36 PM org.openqa.selenium.devtools.CdpVersionFinder findNearestMatch
WARNING: Unable to find CDP implementation matching 149
Jun 22, 2026 3:17:36 PM org.openqa.selenium.chromium.ChromiumDriver lambda$new$5
WARNING: Unable to find version of CDP to use for 149.0.7827.114. You may need to include a dependency on a specific version of the CDP using something similar to `org.seleniumhq.selenium:selenium-devtools-v86:4.18.1` where the version ("v86") matches the version of the chromium-based browser you're using and the version number of the artifact is the same as Selenium's.
]]></system-err>
  </testcase>
  <testcase name="4. Invalid Login Attempt" classname="E-Commerce Real Scenarios (Demoblaze)" time="5.688">
    <system-out><![CDATA[
@Regression @StoreE2E @Negative @Auth
Scenario: 4. Invalid Login Attempt                                  &amp#27;[90m# features/Amazon.feature:29&amp#27;[0m
  &amp#27;[32mGiven &amp#27;[0m&amp#27;[32mthe user is on the store homepage&amp#27;[0m                           &amp#27;[90m# steps.StoreSteps.navigateToStore()&amp#27;[0m
  &amp#27;[32mWhen &amp#27;[0m&amp#27;[32mthe user navigates to the login modal&amp#27;[0m                        &amp#27;[90m# steps.StoreSteps.openLoginModal()&amp#27;[0m
  &amp#27;[32mAnd &amp#27;[0m&amp#27;[32menters the username &amp#27;[0m&amp#27;[32m&amp#27;[1m"fake_user_999"&amp#27;[0m&amp#27;[32m and password &amp#27;[0m&amp#27;[32m&amp#27;[1m"wrong_pass"&amp#27;[0m &amp#27;[90m# steps.StoreSteps.submitInvalidLogin(java.lang.String,java.lang.String)&amp#27;[0m
  &amp#27;[32mThen &amp#27;[0m&amp#27;[32man alert should indicate the user does not exist&amp#27;[0m             &amp#27;[90m# steps.StoreSteps.verifyLoginErrorAlert()&amp#27;[0m
]]></system-out>
    <system-err><![CDATA[Jun 22, 2026 3:17:44 PM org.openqa.selenium.devtools.CdpVersionFinder findNearestMatch
WARNING: Unable to find CDP implementation matching 149
Jun 22, 2026 3:17:44 PM org.openqa.selenium.chromium.ChromiumDriver lambda$new$5
WARNING: Unable to find version of CDP to use for 149.0.7827.114. You may need to include a dependency on a specific version of the CDP using something similar to `org.seleniumhq.selenium:selenium-devtools-v86:4.18.1` where the version ("v86") matches the version of the chromium-based browser you're using and the version number of the artifact is the same as Selenium's.
Jun 22, 2026 3:17:45 PM org.openqa.selenium.devtools.CdpVersionFinder findNearestMatch
WARNING: Unable to find CDP implementation matching 149
Jun 22, 2026 3:17:45 PM org.openqa.selenium.chromium.ChromiumDriver lambda$new$5
WARNING: Unable to find version of CDP to use for 149.0.7827.114. You may need to include a dependency on a specific version of the CDP using something similar to `org.seleniumhq.selenium:selenium-devtools-v86:4.18.1` where the version ("v86") matches the version of the chromium-based browser you're using and the version number of the artifact is the same as Selenium's.
]]></system-err>
  </testcase>
  <testcase name="5. Contact Form Submission" classname="E-Commerce Real Scenarios (Demoblaze)" time="5.224">
    <system-out><![CDATA[
@Regression @StoreE2E @Navigation @Smoke
Scenario: 5. Contact Form Submission                       &amp#27;[90m# features/Amazon.feature:35&amp#27;[0m
  &amp#27;[32mGiven &amp#27;[0m&amp#27;[32mthe user is on the store homepage&amp#27;[0m                  &amp#27;[90m# steps.StoreSteps.navigateToStore()&amp#27;[0m
  &amp#27;[32mWhen &amp#27;[0m&amp#27;[32mthe user opens the contact message form&amp#27;[0m             &amp#27;[90m# steps.StoreSteps.openContactForm()&amp#27;[0m
  &amp#27;[32mAnd &amp#27;[0m&amp#27;[32mfills out the message details&amp#27;[0m                        &amp#27;[90m# steps.StoreSteps.submitContactForm()&amp#27;[0m
  &amp#27;[32mThen &amp#27;[0m&amp#27;[32ma confirmation alert should acknowledge the message&amp#27;[0m &amp#27;[90m# steps.StoreSteps.verifyContactAlert()&amp#27;[0m
]]></system-out>
    <system-err><![CDATA[Jun 22, 2026 3:17:50 PM org.openqa.selenium.devtools.CdpVersionFinder findNearestMatch
WARNING: Unable to find CDP implementation matching 149
Jun 22, 2026 3:17:50 PM org.openqa.selenium.chromium.ChromiumDriver lambda$new$5
WARNING: Unable to find version of CDP to use for 149.0.7827.114. You may need to include a dependency on a specific version of the CDP using something similar to `org.seleniumhq.selenium:selenium-devtools-v86:4.18.1` where the version ("v86") matches the version of the chromium-based browser you're using and the version number of the artifact is the same as Selenium's.
Jun 22, 2026 3:17:51 PM org.openqa.selenium.devtools.CdpVersionFinder findNearestMatch
WARNING: Unable to find CDP implementation matching 149
Jun 22, 2026 3:17:51 PM org.openqa.selenium.chromium.ChromiumDriver lambda$new$5
WARNING: Unable to find version of CDP to use for 149.0.7827.114. You may need to include a dependency on a specific version of the CDP using something similar to `org.seleniumhq.selenium:selenium-devtools-v86:4.18.1` where the version ("v86") matches the version of the chromium-based browser you're using and the version number of the artifact is the same as Selenium's.
]]></system-err>
  </testcase>
  <testcase name="Add an item to the shopping cart" classname="Amazon Cart Management" time="20.518">
    <system-out><![CDATA[
@Regression @AmazonE2E @Cart
Scenario: Add an item to the shopping cart      &amp#27;[90m# features/CartManagement.feature:8&amp#27;[0m
  &amp#27;[32mGiven &amp#27;[0m&amp#27;[32mthe user is on the Amazon homepage&amp#27;[0m      &amp#27;[90m# steps.AmazonSteps.navigateToAmazon()&amp#27;[0m
  &amp#27;[32mWhen &amp#27;[0m&amp#27;[32mthe user searches for &amp#27;[0m&amp#27;[32m&amp#27;[1m"Gaming Mouse"&amp#27;[0m     &amp#27;[90m# steps.AmazonSteps.searchForProduct(java.lang.String)&amp#27;[0m
  &amp#27;[32mAnd &amp#27;[0m&amp#27;[32madds the first available item to the cart&amp#27;[0m &amp#27;[90m# steps.AmazonSteps.addFirstItemToCart()&amp#27;[0m
  &amp#27;[32mThen &amp#27;[0m&amp#27;[32mthe cart badge count should increase&amp#27;[0m     &amp#27;[90m# steps.AmazonSteps.verifyCartBadgeIncrease()&amp#27;[0m
]]></system-out>
    <system-err><![CDATA[Jun 22, 2026 3:17:55 PM org.openqa.selenium.devtools.CdpVersionFinder findNearestMatch
WARNING: Unable to find CDP implementation matching 149
Jun 22, 2026 3:17:55 PM org.openqa.selenium.chromium.ChromiumDriver lambda$new$5
WARNING: Unable to find version of CDP to use for 149.0.7827.114. You may need to include a dependency on a specific version of the CDP using something similar to `org.seleniumhq.selenium:selenium-devtools-v86:4.18.1` where the version ("v86") matches the version of the chromium-based browser you're using and the version number of the artifact is the same as Selenium's.
Jun 22, 2026 3:17:56 PM org.openqa.selenium.devtools.CdpVersionFinder findNearestMatch
WARNING: Unable to find CDP implementation matching 149
Jun 22, 2026 3:17:56 PM org.openqa.selenium.chromium.ChromiumDriver lambda$new$5
WARNING: Unable to find version of CDP to use for 149.0.7827.114. You may need to include a dependency on a specific version of the CDP using something similar to `org.seleniumhq.selenium:selenium-devtools-v86:4.18.1` where the version ("v86") matches the version of the chromium-based browser you're using and the version number of the artifact is the same as Selenium's.
]]></system-err>
  </testcase>
  <testcase name="Empty Cart Validation" classname="Amazon Cart Management" time="8.109">
    <system-out><![CDATA[
@Regression @AmazonE2E @Cart @Smoke
Scenario: Empty Cart Validation                      &amp#27;[90m# features/CartManagement.feature:14&amp#27;[0m
  &amp#27;[32mGiven &amp#27;[0m&amp#27;[32mthe user is on the Amazon homepage&amp#27;[0m           &amp#27;[90m# steps.AmazonSteps.navigateToAmazon()&amp#27;[0m
  &amp#27;[32mWhen &amp#27;[0m&amp#27;[32mthe user clicks on the shopping cart icon&amp#27;[0m     &amp#27;[90m# steps.AmazonSteps.clickCartIcon()&amp#27;[0m
  &amp#27;[32mThen &amp#27;[0m&amp#27;[32mthe cart should display an empty cart message&amp#27;[0m &amp#27;[90m# steps.AmazonSteps.verifyEmptyCart()&amp#27;[0m
]]></system-out>
    <system-err><![CDATA[Jun 22, 2026 3:18:16 PM org.openqa.selenium.devtools.CdpVersionFinder findNearestMatch
WARNING: Unable to find CDP implementation matching 149
Jun 22, 2026 3:18:16 PM org.openqa.selenium.chromium.ChromiumDriver lambda$new$5
WARNING: Unable to find version of CDP to use for 149.0.7827.114. You may need to include a dependency on a specific version of the CDP using something similar to `org.seleniumhq.selenium:selenium-devtools-v86:4.18.1` where the version ("v86") matches the version of the chromium-based browser you're using and the version number of the artifact is the same as Selenium's.
Jun 22, 2026 3:18:17 PM org.openqa.selenium.devtools.CdpVersionFinder findNearestMatch
WARNING: Unable to find CDP implementation matching 149
Jun 22, 2026 3:18:17 PM org.openqa.selenium.chromium.ChromiumDriver lambda$new$5
WARNING: Unable to find version of CDP to use for 149.0.7827.114. You may need to include a dependency on a specific version of the CDP using something similar to `org.seleniumhq.selenium:selenium-devtools-v86:4.18.1` where the version ("v86") matches the version of the chromium-based browser you're using and the version number of the artifact is the same as Selenium's.
]]></system-err>
  </testcase>
  <testcase name="Basic Search Functionality" classname="Amazon Product Search and Navigation" time="8.739">
    <system-out><![CDATA[
@Regression @AmazonE2E @Search @Navigation @Smoke
Scenario: Basic Search Functionality                                            &amp#27;[90m# features/SearchAndNavigation.feature:9&amp#27;[0m
  &amp#27;[32mGiven &amp#27;[0m&amp#27;[32mthe user is on the Amazon homepage&amp#27;[0m                                      &amp#27;[90m# steps.AmazonSteps.navigateToAmazon()&amp#27;[0m
  &amp#27;[32mWhen &amp#27;[0m&amp#27;[32mthe user searches for &amp#27;[0m&amp#27;[32m&amp#27;[1m"Mechanical Keyboard"&amp#27;[0m                              &amp#27;[90m# steps.AmazonSteps.searchForProduct(java.lang.String)&amp#27;[0m
  &amp#27;[32mThen &amp#27;[0m&amp#27;[32mthe search results page should display results for &amp#27;[0m&amp#27;[32m&amp#27;[1m"Mechanical Keyboard"&amp#27;[0m &amp#27;[90m# steps.AmazonSteps.verifySearchResults(java.lang.String)&amp#27;[0m
]]></system-out>
    <system-err><![CDATA[Jun 22, 2026 3:18:24 PM org.openqa.selenium.devtools.CdpVersionFinder findNearestMatch
WARNING: Unable to find CDP implementation matching 149
Jun 22, 2026 3:18:24 PM org.openqa.selenium.chromium.ChromiumDriver lambda$new$5
WARNING: Unable to find version of CDP to use for 149.0.7827.114. You may need to include a dependency on a specific version of the CDP using something similar to `org.seleniumhq.selenium:selenium-devtools-v86:4.18.1` where the version ("v86") matches the version of the chromium-based browser you're using and the version number of the artifact is the same as Selenium's.
Jun 22, 2026 3:18:25 PM org.openqa.selenium.devtools.CdpVersionFinder findNearestMatch
WARNING: Unable to find CDP implementation matching 149
Jun 22, 2026 3:18:25 PM org.openqa.selenium.chromium.ChromiumDriver lambda$new$5
WARNING: Unable to find version of CDP to use for 149.0.7827.114. You may need to include a dependency on a specific version of the CDP using something similar to `org.seleniumhq.selenium:selenium-devtools-v86:4.18.1` where the version ("v86") matches the version of the chromium-based browser you're using and the version number of the artifact is the same as Selenium's.
]]></system-err>
  </testcase>
  <testcase name="Navigate to Today&apos;s Deals" classname="Amazon Product Search and Navigation" time="7.797">
    <system-out><![CDATA[
@Regression @AmazonE2E @Search @Navigation
Scenario: Navigate to Today's Deals                    &amp#27;[90m# features/SearchAndNavigation.feature:13&amp#27;[0m
  &amp#27;[32mGiven &amp#27;[0m&amp#27;[32mthe user is on the Amazon homepage&amp#27;[0m             &amp#27;[90m# steps.AmazonSteps.navigateToAmazon()&amp#27;[0m
  &amp#27;[32mWhen &amp#27;[0m&amp#27;[32mthe user clicks on the Today's Deals menu&amp#27;[0m       &amp#27;[90m# steps.AmazonSteps.clickTodaysDeals()&amp#27;[0m
  &amp#27;[32mThen &amp#27;[0m&amp#27;[32mthe Today's Deals page should load successfully&amp#27;[0m &amp#27;[90m# steps.AmazonSteps.verifyTodaysDealsPage()&amp#27;[0m
]]></system-out>
    <system-err><![CDATA[Jun 22, 2026 3:18:32 PM org.openqa.selenium.devtools.CdpVersionFinder findNearestMatch
WARNING: Unable to find CDP implementation matching 149
Jun 22, 2026 3:18:32 PM org.openqa.selenium.chromium.ChromiumDriver lambda$new$5
WARNING: Unable to find version of CDP to use for 149.0.7827.114. You may need to include a dependency on a specific version of the CDP using something similar to `org.seleniumhq.selenium:selenium-devtools-v86:4.18.1` where the version ("v86") matches the version of the chromium-based browser you're using and the version number of the artifact is the same as Selenium's.
Jun 22, 2026 3:18:34 PM org.openqa.selenium.devtools.CdpVersionFinder findNearestMatch
WARNING: Unable to find CDP implementation matching 149
Jun 22, 2026 3:18:34 PM org.openqa.selenium.chromium.ChromiumDriver lambda$new$5
WARNING: Unable to find version of CDP to use for 149.0.7827.114. You may need to include a dependency on a specific version of the CDP using something similar to `org.seleniumhq.selenium:selenium-devtools-v86:4.18.1` where the version ("v86") matches the version of the chromium-based browser you're using and the version number of the artifact is the same as Selenium's.
]]></system-err>
  </testcase>
</testsuite>